Targetfolder:  \All_Modular\SharedP_20210401_825_825_seed10000_new_zpfit_MultiWL
[1.4, 0.0001, 352.1, 0.187, 5.0, 11.0, 1.0]
5
//data/Mainz/BeamEnergyCalib/data/Beam20200320_1/Energymeasurement_2/raw_shortExp
/home/nishi/Mainz/beam_energy_calibration
//data/Mainz/BeamEnergyCalib/data/Beam20200320_1/Energymeasurement_2/raw_shortExp
0
//data/Mainz/BeamEnergyCalib/data/Beam20200320_1/Energymeasurement_2
//data/Mainz/BeamEnergyCalib/data/Beam20200320_1/Energymeasurement_2/BG/raw_shortExp/File1.tif
File1.tif
File5.tif
File9.tif
File13.tif
File17.tif
File21.tif
File25.tif
File29.tif
File33.tif
File37.tif
File41.tif
File45.tif
File49.tif
File53.tif
File57.tif
File61.tif
File65.tif
File69.tif
File73.tif
File77.tif
File81.tif
File85.tif
File89.tif
File93.tif
File97.tif
File101.tif
File105.tif
File109.tif
File113.tif
File117.tif
File121.tif
File125.tif
File129.tif
File133.tif
File137.tif
File141.tif
File145.tif
File149.tif
File153.tif
File157.tif
File161.tif
File165.tif
File169.tif
File173.tif
File177.tif
File181.tif
File185.tif
File189.tif
File193.tif
File197.tif
File201.tif
File205.tif
File209.tif
File213.tif
File217.tif
File221.tif
File225.tif
File229.tif
File233.tif
File237.tif
File241.tif
File245.tif
File249.tif
File253.tif
File257.tif
File261.tif
File265.tif
File269.tif
File273.tif
File277.tif
File281.tif
File285.tif
File289.tif
File293.tif
File297.tif
File301.tif
File305.tif
File309.tif
File313.tif
File317.tif
File321.tif
File325.tif
File329.tif
File333.tif
File337.tif
File341.tif
File345.tif
File349.tif
File353.tif
File357.tif
File361.tif
File365.tif
File369.tif
File373.tif
File377.tif
File381.tif
File385.tif
File389.tif
File393.tif
File397.tif
File401.tif
File405.tif
File409.tif
File413.tif
File417.tif
File421.tif
File425.tif
File429.tif
File433.tif
File437.tif
File441.tif
File445.tif
File449.tif
File453.tif
File457.tif
File461.tif
File465.tif
File469.tif
File473.tif
File477.tif
File481.tif
File485.tif
File489.tif
File493.tif
File497.tif
File501.tif
File505.tif
File509.tif
File513.tif
File517.tif
File521.tif
File525.tif
File529.tif
File533.tif
File537.tif
File541.tif
File545.tif
File549.tif
File553.tif
File557.tif
File561.tif
File565.tif
File569.tif
File573.tif
File577.tif
File581.tif
File585.tif
File589.tif
File593.tif
File597.tif
File601.tif
File605.tif
File609.tif
File613.tif
File617.tif
File621.tif
File625.tif
File629.tif
File633.tif
File637.tif
File641.tif
File645.tif
File649.tif
File653.tif
File657.tif
File661.tif
File665.tif
File669.tif
File673.tif
File677.tif
File681.tif
File685.tif
File689.tif
File693.tif
File697.tif
File701.tif
File705.tif
File709.tif
File713.tif
File717.tif
File721.tif
File725.tif
File729.tif
File733.tif
File737.tif
File741.tif
File745.tif
File749.tif
File753.tif
File757.tif
File761.tif
File765.tif
File769.tif
File773.tif
File777.tif
File781.tif
File785.tif
File789.tif
File793.tif
File797.tif
File801.tif
File805.tif
File809.tif
File813.tif
File817.tif
File821.tif
File825.tif
File829.tif
File833.tif
File837.tif
File841.tif
File845.tif
File849.tif
File853.tif
File857.tif
File861.tif
File865.tif
File869.tif
File873.tif
File877.tif
File881.tif
File885.tif
File889.tif
File893.tif
File897.tif
File901.tif
File905.tif
File909.tif
File913.tif
File917.tif
File921.tif
File925.tif
File929.tif
File933.tif
File937.tif
File941.tif
File945.tif
File949.tif
File953.tif
File957.tif
File961.tif
File965.tif
File969.tif
File973.tif
File977.tif
File981.tif
File985.tif
File989.tif
File993.tif
File997.tif
File1001.tif
File1005.tif
File1009.tif
File1013.tif
File1017.tif
File1021.tif
File1025.tif
File1029.tif
File1033.tif
File1037.tif
File1041.tif
File1045.tif
File1049.tif
File1053.tif
File1057.tif
File1061.tif
File1065.tif
File1069.tif
File1073.tif
File1077.tif
File1081.tif
File1085.tif
File1089.tif
File1093.tif
File1097.tif
File1101.tif
File1105.tif
File1109.tif
File1113.tif
File1117.tif
File1121.tif
File1125.tif
File1129.tif
File1133.tif
File1137.tif
File1141.tif
File1145.tif
File1149.tif
File1153.tif
File1157.tif
File1161.tif
File1165.tif
File1169.tif
File1173.tif
File1177.tif
File1181.tif
File1185.tif
File1189.tif
File1193.tif
File1197.tif
File1201.tif
File1205.tif
File1209.tif
File1213.tif
File1217.tif
File1221.tif
File1225.tif
File1229.tif
File1233.tif
File1237.tif
File1241.tif
File1245.tif
File1249.tif
File1253.tif
File1257.tif
File1261.tif
File1265.tif
File1269.tif
File1273.tif
File1277.tif
File1281.tif
File1285.tif
File1289.tif
File1293.tif
File1297.tif
File1301.tif
File1305.tif
File1309.tif
File1313.tif
File1317.tif
File1321.tif
File1325.tif
File1329.tif
File1333.tif
File1337.tif
File1341.tif
File1345.tif
File1349.tif
File1353.tif
File1357.tif
File1361.tif
File1365.tif
File1369.tif
File1373.tif
File1377.tif
File1381.tif
File1385.tif
File1389.tif
File1393.tif
File1397.tif
File1401.tif
File1405.tif
File1409.tif
File1413.tif
File1417.tif
File1421.tif
File1425.tif
File1429.tif
File1433.tif
File1437.tif
File1441.tif
File1445.tif
File1449.tif
File1453.tif
File1457.tif
File1461.tif
File1465.tif
File1469.tif
File1473.tif
File1477.tif
File1481.tif
File1485.tif
File1489.tif
File1493.tif
File1497.tif
File1501.tif
File1505.tif
File1509.tif
File1513.tif
File1517.tif
File1521.tif
File1525.tif
File1529.tif
File1533.tif
File1537.tif
File1541.tif
File1545.tif
File1549.tif
File1553.tif
File1557.tif
File1561.tif
File1565.tif
File1569.tif
File1573.tif
File1577.tif
File1581.tif
File1585.tif
File1589.tif
File1593.tif
File1597.tif
File1601.tif
File1605.tif
File1609.tif
File1613.tif
File1617.tif
File1621.tif
File1625.tif
File1629.tif
File1633.tif
File1637.tif
File1641.tif
File1645.tif
File1649.tif
File1653.tif
File1657.tif
File1661.tif
File1665.tif
File1669.tif
File1673.tif
File1677.tif
File1681.tif
File1685.tif
File1689.tif
File1693.tif
File1697.tif
File1701.tif
File1705.tif
File1709.tif
File1713.tif
File1717.tif
File1721.tif
File1725.tif
File1729.tif
File1733.tif
File1737.tif
File1741.tif
File1745.tif
File1749.tif
File1753.tif
File1757.tif
File1761.tif
File1765.tif
File1769.tif
File1773.tif
File1777.tif
File1781.tif
File1785.tif
File1789.tif
File1793.tif
File1797.tif
File1801.tif
File1805.tif
File1809.tif
File1813.tif
File1817.tif
File1821.tif
File1825.tif
File1829.tif
File1833.tif
File1837.tif
File1841.tif
File1845.tif
File1849.tif
File1853.tif
File1857.tif
File1861.tif
File1865.tif
File1869.tif
File1873.tif
File1877.tif
File1881.tif
File1885.tif
File1889.tif
File1893.tif
File1897.tif
File1901.tif
File1905.tif
File1909.tif
File1913.tif
File1917.tif
File1921.tif
File1925.tif
File1929.tif
File1933.tif
File1937.tif
File1941.tif
File1945.tif
File1949.tif
File1953.tif
File1957.tif
File1961.tif
File1965.tif
File1969.tif
File1973.tif
File1977.tif
File1981.tif
File1985.tif
File1989.tif
File1993.tif
File1997.tif
File2001.tif
File2005.tif
File2009.tif
File2013.tif
File2017.tif
File2021.tif
File2025.tif
File2029.tif
File2033.tif
File2037.tif
File2041.tif
File2045.tif
File2049.tif
File2053.tif
File2057.tif
File2061.tif
File2065.tif
File2069.tif
File2073.tif
File2077.tif
File2081.tif
File2085.tif
File2089.tif
File2093.tif
File2097.tif
File2101.tif
File2105.tif
File2109.tif
File2113.tif
File2117.tif
File2121.tif
File2125.tif
File2129.tif
File2133.tif
File2137.tif
File2141.tif
File2145.tif
File2149.tif
File2153.tif
File2157.tif
File2161.tif
File2165.tif
File2169.tif
File2173.tif
File2177.tif
File2181.tif
File2185.tif
File2189.tif
File2193.tif
File2197.tif
File2201.tif
File2205.tif
File2209.tif
File2213.tif
File2217.tif
File2221.tif
File2225.tif
File2229.tif
File2233.tif
File2237.tif
File2241.tif
File2245.tif
File2249.tif
File2253.tif
File2257.tif
File2261.tif
File2265.tif
File2269.tif
File2273.tif
File2277.tif
File2281.tif
File2285.tif
File2289.tif
File2293.tif
File2297.tif
File2301.tif
File2305.tif
File2309.tif
File2313.tif
File2317.tif
File2321.tif
File2325.tif
File2329.tif
File2333.tif
File2337.tif
File2341.tif
File2345.tif
File2349.tif
File2353.tif
File2357.tif
File2361.tif
File2365.tif
File2369.tif
File2373.tif
File2377.tif
File2381.tif
File2385.tif
File2389.tif
File2393.tif
File2397.tif
File2401.tif
File2405.tif
File2409.tif
File2413.tif
File2417.tif
File2421.tif
File2425.tif
File2429.tif
File2433.tif
File2437.tif
File2441.tif
File2445.tif
File2449.tif
File2453.tif
File2457.tif
File2461.tif
File2465.tif
File2469.tif
File2473.tif
File2477.tif
File2481.tif
File2485.tif
File2489.tif
File2493.tif
File2497.tif
File2501.tif
File2505.tif
File2509.tif
File2513.tif
File2517.tif
File2521.tif
File2525.tif
File2529.tif
File2533.tif
File2537.tif
File2541.tif
File2545.tif
File2549.tif
File2553.tif
File2557.tif
File2561.tif
File2565.tif
File2569.tif
File2573.tif
File2577.tif
File2581.tif
File2585.tif
File2589.tif
File2593.tif
File2597.tif
File2601.tif
File2605.tif
File2609.tif
File2613.tif
File2617.tif
File2621.tif
File2625.tif
File2629.tif
File2633.tif
File2637.tif
File2641.tif
File2645.tif
File2649.tif
File2653.tif
File2657.tif
File2661.tif
File2665.tif
File2669.tif
File2673.tif
File2677.tif
File2681.tif
File2685.tif
File2689.tif
File2693.tif
File2697.tif
File2701.tif
File2705.tif
File2709.tif
File2713.tif
File2717.tif
File2721.tif
File2725.tif
File2729.tif
File2733.tif
File2737.tif
File2741.tif
File2745.tif
File2749.tif
File2753.tif
File2757.tif
File2761.tif
File2765.tif
File2769.tif
File2773.tif
File2777.tif
File2781.tif
File2785.tif
File2789.tif
File2793.tif
File2797.tif
File2801.tif
File2805.tif
File2809.tif
File2813.tif
File2817.tif
File2821.tif
File2825.tif
File2829.tif
File2833.tif
File2837.tif
File2841.tif
File2845.tif
File2849.tif
File2853.tif
File2857.tif
File2861.tif
File2865.tif
File2869.tif
File2873.tif
File2877.tif
File2881.tif
File2885.tif
File2889.tif
File2893.tif
File2897.tif
File2901.tif
File2905.tif
File2909.tif
File2913.tif
File2917.tif
File2921.tif
File2925.tif
File2929.tif
File2933.tif
File2937.tif
File2941.tif
File2945.tif
File2949.tif
File2953.tif
File2957.tif
File2961.tif
File2965.tif
File2969.tif
File2973.tif
File2977.tif
File2981.tif
File2985.tif
File2989.tif
File2993.tif
File2997.tif
File3001.tif
File3005.tif
File3009.tif
File3013.tif
File3017.tif
File3021.tif
File3025.tif
File3029.tif
File3033.tif
File3037.tif
File3041.tif
File3045.tif
File3049.tif
File3053.tif
File3057.tif
File3061.tif
File3065.tif
File3069.tif
File3073.tif
File3077.tif
File3081.tif
File3085.tif
File3089.tif
File3093.tif
File3097.tif
File3101.tif
File3105.tif
File3109.tif
File3113.tif
File3117.tif
File3121.tif
File3125.tif
File3129.tif
File3133.tif
File3137.tif
File3141.tif
File3145.tif
File3149.tif
File3153.tif
File3157.tif
File3161.tif
File3165.tif
File3169.tif
File3173.tif
File3177.tif
File3181.tif
File3185.tif
File3189.tif
File3193.tif
File3197.tif
File3201.tif
File3205.tif
File3209.tif
File3213.tif
File3217.tif
File3221.tif
File3225.tif
File3229.tif
File3233.tif
File3237.tif
File3241.tif
File3245.tif
File3249.tif
File3253.tif
File3257.tif
File3261.tif
File3265.tif
File3269.tif
File3273.tif
File3277.tif
File3281.tif
File3285.tif
File3289.tif
File3293.tif
File3297.tif
825
import ModularFunctions as MoFuzetaxx [0.]
459
Wavelength variation
Loopidx 1
First wavelength:  3.9833147381888e-07
chosenpx 1
Wavelength at which the analysis is done:  3.9835551781887997e-07
Last wavelength:  4.0939171381887996e-07
idx 0
idx 0
 resid  -10992167.956109224
 residSqr  330883640.92180854
Amplfit: 1.4
zpfit: 5.0
Ytran: 0.0001
gammafit: 352.1
delta0fit: 0.187
elevationfit: 11.0
cfit: 1.0
idx 0
idx 0
 resid  -10992167.956109224
 residSqr  330883640.92180854
Amplfit: 1.4
zpfit: 5.0
Ytran: 0.0001
gammafit: 352.1
delta0fit: 0.187
elevationfit: 11.0
cfit: 1.0
idx 0
idx 0
 resid  -10992167.956109224
 residSqr  330883640.92180854
Amplfit: 1.4
zpfit: 5.0
Ytran: 0.0001
gammafit: 352.1
delta0fit: 0.187
elevationfit: 11.0
cfit: 1.0
idx 0
idx 0
 resid  -10990798.878133101
 residSqr  330796089.64362574
Amplfit: 1.4004833737762017
zpfit: 5.0
Ytran: 0.0001
gammafit: 352.1
delta0fit: 0.187
elevationfit: 11.0
cfit: 1.0
idx 0
idx 0
 resid  -10992168.565099018
 residSqr  330883706.5661503
Amplfit: 1.4
zpfit: 5.0
Ytran: 0.00010003452669830012
gammafit: 352.1
delta0fit: 0.187
elevationfit: 11.0
cfit: 1.0
idx 0
idx 0
 resid  -10991659.142793791
 residSqr  330872471.63850725
Amplfit: 1.4
zpfit: 5.0
Ytran: 0.0001
gammafit: 352.22156850471475
delta0fit: 0.187
elevationfit: 11.0
cfit: 1.0
idx 0
idx 0
 resid  -10991831.793321585
 residSqr  330860159.0198195
Amplfit: 1.4
zpfit: 5.0
Ytran: 0.0001
gammafit: 352.1
delta0fit: 0.18706456492582124
elevationfit: 11.0
cfit: 1.0
idx 0
idx 0
 resid  -10992075.333141454
 residSqr  330876708.9456264
Amplfit: 1.4
zpfit: 5.0017263349150065
Ytran: 0.0001
gammafit: 352.1
delta0fit: 0.187
elevationfit: 11.0
cfit: 1.0
idx 0
idx 0
 resid  -10992126.017582672
 residSqr  330880943.1145259
Amplfit: 1.4
zpfit: 5.0
Ytran: 0.0001
gammafit: 352.1
delta0fit: 0.187
elevationfit: 11.003797936813013
cfit: 1.0
idx 0
idx 0
 resid  -10992301.566766769
 residSqr  330889129.71846527
Amplfit: 1.4
zpfit: 5.0
Ytran: 0.0001
gammafit: 352.1
delta0fit: 0.187
elevationfit: 11.0
cfit: 1.0003452669830013
idx 0
idx 0
 resid  -2315986.999900662
 residSqr  18053521.430506792
Amplfit: 4.747874655710655
zpfit: 5.084762985570012
Ytran: -0.00031152142176998454
gammafit: 352.8160248555128
delta0fit: 0.19092744039779763
elevationfit: 18.221686197002462
cfit: -1.5197615082332452
idx 0
idx 0
 resid  -2312464.227784723
 residSqr  18007139.160338253
Amplfit: 4.7495139400687005
zpfit: 5.084762985570012
Ytran: -0.00031152142176998454
gammafit: 352.8160248555128
delta0fit: 0.19092744039779763
elevationfit: 18.221686197002462
cfit: -1.5197615082332452
idx 0
idx 0
 resid  -2315981.6381158503
 residSqr  18053297.753264703
Amplfit: 4.747874655710655
zpfit: 5.084762985570012
Ytran: -0.00031141386370854974
gammafit: 352.8160248555128
delta0fit: 0.19092744039779763
elevationfit: 18.221686197002462
cfit: -1.5197615082332452
idx 0
idx 0
 resid  -2311919.986417532
 residSqr  17951120.230984055
Amplfit: 4.747874655710655
zpfit: 5.084762985570012
Ytran: -0.00031152142176998454
gammafit: 352.9378405799692
delta0fit: 0.19092744039779763
elevationfit: 18.221686197002462
cfit: -1.5197615082332452
idx 0
idx 0
 resid  -2315695.1733266963
 residSqr  18066005.907504246
Amplfit: 4.747874655710655
zpfit: 5.084762985570012
Ytran: -0.00031152142176998454
gammafit: 352.8160248555128
delta0fit: 0.19099336133911593
elevationfit: 18.221686197002462
cfit: -1.5197615082332452
idx 0
idx 0
 resid  -2315014.662476903
 residSqr  18037033.73751097
Amplfit: 4.747874655710655
zpfit: 5.086518586345316
Ytran: -0.00031152142176998454
gammafit: 352.8160248555128
delta0fit: 0.19092744039779763
elevationfit: 18.221686197002462
cfit: -1.5197615082332452
idx 0
idx 0
 resid  -2315814.8171625417
 residSqr  18051252.77884506
Amplfit: 4.747874655710655
zpfit: 5.084762985570012
Ytran: -0.00031152142176998454
gammafit: 352.8160248555128
delta0fit: 0.19092744039779763
elevationfit: 18.2279775436209
cfit: -1.5197615082332452
idx 0
idx 0
 resid  -2316071.0055415574
 residSqr  18053917.5372197
Amplfit: 4.747874655710655
zpfit: 5.084762985570012
Ytran: -0.00031152142176998454
gammafit: 352.8160248555128
delta0fit: 0.19092744039779763
elevationfit: 18.221686197002462
cfit: -1.519236784762416
idx 0
idx 0
 resid  42462.007295910174
 residSqr  1334433.4660556098
Amplfit: 5.9854363230028085
zpfit: 5.099255896453195
Ytran: -0.00010843483250023013
gammafit: 352.3983962543752
delta0fit: 0.1887743391700005
elevationfit: 14.22479225090585
cfit: -0.7393808670733208
idx 0
idx 0
 resid  46764.21597317155
 residSqr  1332478.9275487526
Amplfit: 5.987502896543997
zpfit: 5.099255896453195
Ytran: -0.00010843483250023013
gammafit: 352.3983962543752
delta0fit: 0.1887743391700005
elevationfit: 14.22479225090585
cfit: -0.7393808670733208
idx 0
idx 0
 resid  42462.27976581837
 residSqr  1334446.36627366
Amplfit: 5.9854363230028085
zpfit: 5.099255896453195
Ytran: -0.00010839739353276052
gammafit: 352.3983962543752
delta0fit: 0.1887743391700005
elevationfit: 14.22479225090585
cfit: -0.7393808670733208
idx 0
idx 0
 resid  45834.88321161642
 residSqr  1385782.8994838241
Amplfit: 5.9854363230028085
zpfit: 5.099255896453195
Ytran: -0.00010843483250023013
gammafit: 352.52006778546445
delta0fit: 0.1887743391700005
elevationfit: 14.22479225090585
cfit: -0.7393808670733208
idx 0
idx 0
 resid  43212.81368296746
 residSqr  1331436.4596052095
Amplfit: 5.9854363230028085
zpfit: 5.099255896453195
Ytran: -0.00010843483250023013
Exception in Tkinter callback
Traceback (most recent call last):
  File "/usr/lib64/python3.9/tkinter/__init__.py", line 1892, in __call__
    return self.func(*args)
  File "/home/nishi/Mainz/beam_energy_calibration/Eval_Modular.py", line 167, in fit_button_clicked
    exec(open("ModularEvaluation.py").read())
  File "<string>", line 359, in <module>
  File "/home/nishi/Mainz/beam_energy_calibration/ModularFunctions.py", line 260, in ModFit
    result = mini.leastsq(ftol=1.e-2)
  File "/usr/local/lib/python3.9/site-packages/lmfit/minimizer.py", line 1693, in leastsq
    lsout = scipy_leastsq(self.__residual, variables, **lskws)
  File "/usr/local/lib64/python3.9/site-packages/scipy/optimize/_minpack_py.py", line 426, in leastsq
    retval = _minpack._lmdif(func, x0, args, full_output, ftol, xtol,
  File "/usr/local/lib/python3.9/site-packages/lmfit/minimizer.py", line 586, in __residual
    out = self.userfcn(params, *self.userargs, **self.userkws)
  File "/home/nishi/Mainz/beam_energy_calibration/ModularFunctions.py", line 98, in objective_diffraction
    diffractionresult = diffraction_dataset(params,listOfboots[Strpidx],yy)
  File "/home/nishi/Mainz/beam_energy_calibration/ModularFunctions.py", line 79, in diffraction_dataset
    Diff_intensity = UnDi.diffractionintensityInitialFit_X(yy,zetaxx,Ytran,i,AUndu.z0,WLofPixel,LambdaRfit,delta0fit+posdata[i]*.001,gammafit,Amplfit,bfit,zpfit,Yscreenfit,elevationfit,whichdata,cfit)
  File "/home/nishi/Mainz/beam_energy_calibration/UndulatorDiffractionOneDimensional_correct_XAmpl_InitialFit_NoConvolve.py", line 262, in diffractionintensityInitialFit_X
    fresnelforward2 = np.array(IFunc.squaredphase(yy,Ytran*0.,deltad + AUndu.Lu,zpfit,WLofPixel))
  File "/home/nishi/Mainz/beam_energy_calibration/InterferenceFunction_more.py", line 61, in squaredphase
    fresnelforward.append(np.exp(1.j * 2.*np.pi/WLofPixel * (((yy[i]-Ytran)**2)/(2.*zp)))*np.exp(1.j * 2.*np.pi/WLofPixel * (((yy[i]-Ytran)**2)/(2.*(AUndu.z0-deltad/1.)))))#change 20210512 changed deltad/2. to deltad/1.
KeyboardInterrupt
gammafit: 352.3983962543752
delta0fit: 0.18883951671655377
elevationfit: 14.22479225090585
cfit: -0.7393808670733208
idx 0
idx 0
 resid  43871.09436051459
 residSqr  1334498.5339548325
Amplfit: 5.9854363230028085
zpfit: 5.101016501152114
Ytran: -0.00010843483250023013
gammafit: 352.3983962543752
delta0fit: 0.1887743391700005
elevationfit: 14.22479225090585
cfit: -0.7393808670733208
idx 0
idx 0
 resid  42629.575094338354
 residSqr  1334353.6714727774
Amplfit: 5.9854363230028085
zpfit: 5.099255896453195
Ytran: -0.00010843483250023013
gammafit: 352.3983962543752
delta0fit: 0.1887743391700005
elevationfit: 14.22970360201014
cfit: -0.7393808670733208
idx 0
idx 0
 resid  42424.89523893781
 residSqr  1334436.8147749316
Amplfit: 5.9854363230028085
zpfit: 5.099255896453195
Ytran: -0.00010843483250023013
gammafit: 352.3983962543752
delta0fit: 0.1887743391700005
elevationfit: 14.22479225090585
cfit: -0.7391255832720576
idx 0
idx 0
 resid  112569.89806125552
 residSqr  1300022.9767667654
Amplfit: 6.020315244105749
zpfit: 5.099738017966867
Ytran: -0.00014147726573578316
gammafit: 352.49632745445865
delta0fit: 0.18924547076075485
elevationfit: 14.90665476277196
cfit: -0.5019941435489207
idx 0
idx 0
 resid  116910.71199821241
 residSqr  1300091.978587484
Amplfit: 6.0223938601867975
zpfit: 5.099738017966867
Ytran: -0.00014147726573578316
gammafit: 352.49632745445865
delta0fit: 0.18924547076075485
elevationfit: 14.90665476277196
cfit: -0.5019941435489207
idx 0
idx 0
Traceback (most recent call last):
  File "/home/nishi/Mainz/beam_energy_calibration/Eval_Modular.py", line 335, in <module>
    root.mainloop()
  File "/usr/lib64/python3.9/tkinter/__init__.py", line 1429, in mainloop
    self.tk.mainloop(n)
KeyboardInterrupt
Targetfolder:  /All_Modular/SharedP_20210401_825_825_seed10000_new_zpfit_boot000825
[1.4, 0.0001, 352.1, 0.187, 5.0, 11.0, 1.0]
5
//data/Mainz/BeamEnergyCalib/data/Beam20200320_1/Energymeasurement_2/raw_shortExp
/home/nishi/Mainz/beam_energy_calibration
//data/Mainz/BeamEnergyCalib/data/Beam20200320_1/Energymeasurement_2/raw_shortExp
0
//data/Mainz/BeamEnergyCalib/data/Beam20200320_1/Energymeasurement_2
//data/Mainz/BeamEnergyCalib/data/Beam20200320_1/Energymeasurement_2/BG/raw_shortExp/File1.tif
File1.tif
File5.tif
File9.tif
File13.tif
File17.tif
File21.tif
File25.tif
File29.tif
File33.tif
File37.tif
File41.tif
File45.tif
File49.tif
File53.tif
File57.tif
File61.tif
File65.tif
File69.tif
File73.tif
File77.tif
File81.tif
File85.tif
File89.tif
File93.tif
File97.tif
File101.tif
File105.tif
File109.tif
File113.tif
File117.tif
File121.tif
File125.tif
File129.tif
File133.tif
File137.tif
File141.tif
File145.tif
File149.tif
File153.tif
File157.tif
File161.tif
File165.tif
File169.tif
File173.tif
File177.tif
File181.tif
File185.tif
File189.tif
File193.tif
File197.tif
File201.tif
File205.tif
File209.tif
File213.tif
File217.tif
File221.tif
File225.tif
File229.tif
File233.tif
File237.tif
File241.tif
File245.tif
File249.tif
File253.tif
File257.tif
File261.tif
File265.tif
File269.tif
File273.tif
File277.tif
File281.tif
File285.tif
File289.tif
File293.tif
File297.tif
File301.tif
File305.tif
File309.tif
File313.tif
File317.tif
File321.tif
File325.tif
File329.tif
File333.tif
File337.tif
File341.tif
File345.tif
File349.tif
File353.tif
File357.tif
File361.tif
File365.tif
File369.tif
File373.tif
File377.tif
File381.tif
File385.tif
File389.tif
File393.tif
File397.tif
File401.tif
File405.tif
File409.tif
File413.tif
File417.tif
File421.tif
File425.tif
File429.tif
File433.tif
File437.tif
File441.tif
File445.tif
File449.tif
File453.tif
File457.tif
File461.tif
File465.tif
File469.tif
File473.tif
File477.tif
File481.tif
File485.tif
File489.tif
File493.tif
File497.tif
File501.tif
File505.tif
File509.tif
File513.tif
File517.tif
File521.tif
File525.tif
File529.tif
File533.tif
File537.tif
File541.tif
File545.tif
File549.tif
File553.tif
File557.tif
File561.tif
File565.tif
File569.tif
File573.tif
File577.tif
File581.tif
File585.tif
File589.tif
File593.tif
File597.tif
File601.tif
File605.tif
File609.tif
File613.tif
File617.tif
File621.tif
File625.tif
File629.tif
File633.tif
File637.tif
File641.tif
File645.tif
File649.tif
File653.tif
File657.tif
File661.tif
File665.tif
File669.tif
File673.tif
File677.tif
File681.tif
File685.tif
File689.tif
File693.tif
File697.tif
File701.tif
File705.tif
File709.tif
File713.tif
File717.tif
File721.tif
File725.tif
File729.tif
File733.tif
File737.tif
File741.tif
File745.tif
File749.tif
File753.tif
File757.tif
File761.tif
File765.tif
File769.tif
File773.tif
File777.tif
File781.tif
File785.tif
File789.tif
File793.tif
File797.tif
File801.tif
File805.tif
File809.tif
File813.tif
File817.tif
File821.tif
File825.tif
File829.tif
File833.tif
File837.tif
File841.tif
File845.tif
File849.tif
File853.tif
File857.tif
File861.tif
File865.tif
File869.tif
File873.tif
File877.tif
File881.tif
File885.tif
File889.tif
File893.tif
File897.tif
File901.tif
File905.tif
File909.tif
File913.tif
File917.tif
File921.tif
File925.tif
File929.tif
File933.tif
File937.tif
File941.tif
File945.tif
File949.tif
File953.tif
File957.tif
File961.tif
File965.tif
File969.tif
File973.tif
File977.tif
File981.tif
File985.tif
File989.tif
File993.tif
File997.tif
File1001.tif
File1005.tif
File1009.tif
File1013.tif
File1017.tif
File1021.tif
File1025.tif
File1029.tif
File1033.tif
File1037.tif
File1041.tif
File1045.tif
File1049.tif
File1053.tif
File1057.tif
File1061.tif
File1065.tif
File1069.tif
File1073.tif
File1077.tif
File1081.tif
File1085.tif
File1089.tif
File1093.tif
File1097.tif
File1101.tif
File1105.tif
File1109.tif
File1113.tif
File1117.tif
File1121.tif
File1125.tif
File1129.tif
File1133.tif
File1137.tif
File1141.tif
File1145.tif
File1149.tif
File1153.tif
File1157.tif
File1161.tif
File1165.tif
File1169.tif
File1173.tif
File1177.tif
File1181.tif
File1185.tif
File1189.tif
File1193.tif
File1197.tif
File1201.tif
File1205.tif
File1209.tif
File1213.tif
File1217.tif
File1221.tif
File1225.tif
File1229.tif
File1233.tif
File1237.tif
File1241.tif
File1245.tif
File1249.tif
File1253.tif
File1257.tif
File1261.tif
File1265.tif
File1269.tif
File1273.tif
File1277.tif
File1281.tif
File1285.tif
File1289.tif
File1293.tif
File1297.tif
File1301.tif
File1305.tif
File1309.tif
File1313.tif
File1317.tif
File1321.tif
File1325.tif
File1329.tif
File1333.tif
File1337.tif
File1341.tif
File1345.tif
File1349.tif
File1353.tif
File1357.tif
File1361.tif
File1365.tif
File1369.tif
File1373.tif
File1377.tif
File1381.tif
File1385.tif
File1389.tif
File1393.tif
File1397.tif
File1401.tif
File1405.tif
File1409.tif
File1413.tif
File1417.tif
File1421.tif
File1425.tif
File1429.tif
File1433.tif
File1437.tif
File1441.tif
File1445.tif
File1449.tif
File1453.tif
File1457.tif
File1461.tif
File1465.tif
File1469.tif
File1473.tif
File1477.tif
File1481.tif
File1485.tif
File1489.tif
File1493.tif
File1497.tif
File1501.tif
File1505.tif
File1509.tif
File1513.tif
File1517.tif
File1521.tif
File1525.tif
File1529.tif
File1533.tif
File1537.tif
File1541.tif
File1545.tif
File1549.tif
File1553.tif
File1557.tif
File1561.tif
File1565.tif
File1569.tif
File1573.tif
File1577.tif
File1581.tif
File1585.tif
File1589.tif
File1593.tif
File1597.tif
File1601.tif
File1605.tif
File1609.tif
File1613.tif
File1617.tif
File1621.tif
File1625.tif
File1629.tif
File1633.tif
File1637.tif
File1641.tif
File1645.tif
File1649.tif
File1653.tif
File1657.tif
File1661.tif
File1665.tif
File1669.tif
File1673.tif
File1677.tif
File1681.tif
File1685.tif
File1689.tif
File1693.tif
File1697.tif
File1701.tif
File1705.tif
File1709.tif
File1713.tif
File1717.tif
File1721.tif
File1725.tif
File1729.tif
File1733.tif
File1737.tif
File1741.tif
File1745.tif
File1749.tif
File1753.tif
File1757.tif
File1761.tif
File1765.tif
File1769.tif
File1773.tif
File1777.tif
File1781.tif
File1785.tif
File1789.tif
File1793.tif
File1797.tif
File1801.tif
File1805.tif
File1809.tif
File1813.tif
File1817.tif
File1821.tif
File1825.tif
File1829.tif
File1833.tif
File1837.tif
File1841.tif
File1845.tif
File1849.tif
File1853.tif
File1857.tif
File1861.tif
File1865.tif
File1869.tif
File1873.tif
File1877.tif
File1881.tif
File1885.tif
File1889.tif
File1893.tif
File1897.tif
File1901.tif
File1905.tif
File1909.tif
File1913.tif
File1917.tif
File1921.tif
File1925.tif
File1929.tif
File1933.tif
File1937.tif
File1941.tif
File1945.tif
File1949.tif
File1953.tif
File1957.tif
File1961.tif
File1965.tif
File1969.tif
File1973.tif
File1977.tif
File1981.tif
File1985.tif
File1989.tif
File1993.tif
File1997.tif
File2001.tif
File2005.tif
File2009.tif
File2013.tif
File2017.tif
File2021.tif
File2025.tif
File2029.tif
File2033.tif
File2037.tif
File2041.tif
File2045.tif
File2049.tif
File2053.tif
File2057.tif
File2061.tif
File2065.tif
File2069.tif
File2073.tif
File2077.tif
File2081.tif
File2085.tif
File2089.tif
File2093.tif
File2097.tif
File2101.tif
File2105.tif
File2109.tif
File2113.tif
File2117.tif
File2121.tif
File2125.tif
File2129.tif
File2133.tif
File2137.tif
File2141.tif
File2145.tif
File2149.tif
File2153.tif
File2157.tif
File2161.tif
File2165.tif
File2169.tif
File2173.tif
File2177.tif
File2181.tif
File2185.tif
File2189.tif
File2193.tif
File2197.tif
File2201.tif
File2205.tif
File2209.tif
File2213.tif
File2217.tif
File2221.tif
File2225.tif
File2229.tif
File2233.tif
File2237.tif
File2241.tif
File2245.tif
File2249.tif
File2253.tif
File2257.tif
File2261.tif
File2265.tif
File2269.tif
File2273.tif
File2277.tif
File2281.tif
File2285.tif
File2289.tif
File2293.tif
File2297.tif
File2301.tif
File2305.tif
File2309.tif
File2313.tif
File2317.tif
File2321.tif
File2325.tif
File2329.tif
File2333.tif
File2337.tif
File2341.tif
File2345.tif
File2349.tif
File2353.tif
File2357.tif
File2361.tif
File2365.tif
File2369.tif
File2373.tif
File2377.tif
File2381.tif
File2385.tif
File2389.tif
File2393.tif
File2397.tif
File2401.tif
File2405.tif
File2409.tif
File2413.tif
File2417.tif
File2421.tif
File2425.tif
File2429.tif
File2433.tif
File2437.tif
File2441.tif
File2445.tif
File2449.tifException in Tkinter callback
Traceback (most recent call last):
  File "/usr/lib64/python3.9/tkinter/__init__.py", line 1892, in __call__
    return self.func(*args)
  File "/home/nishi/Mainz/beam_energy_calibration/Eval_Modular.py", line 167, in fit_button_clicked
    exec(open("ModularEvaluation.py").read())
  File "<string>", line 355, in <module>
  File "/home/nishi/Mainz/beam_energy_calibration/ModularFunctions.py", line 260, in ModFit
    result = mini.leastsq(ftol=1.e-2)
  File "/usr/local/lib/python3.9/site-packages/lmfit/minimizer.py", line 1693, in leastsq
    lsout = scipy_leastsq(self.__residual, variables, **lskws)
  File "/usr/local/lib64/python3.9/site-packages/scipy/optimize/_minpack_py.py", line 426, in leastsq
    retval = _minpack._lmdif(func, x0, args, full_output, ftol, xtol,
  File "/usr/local/lib/python3.9/site-packages/lmfit/minimizer.py", line 586, in __residual
    out = self.userfcn(params, *self.userargs, **self.userkws)
  File "/home/nishi/Mainz/beam_energy_calibration/ModularFunctions.py", line 98, in objective_diffraction
    diffractionresult = diffraction_dataset(params,listOfboots[Strpidx],yy)
  File "/home/nishi/Mainz/beam_energy_calibration/ModularFunctions.py", line 79, in diffraction_dataset
    Diff_intensity = UnDi.diffractionintensityInitialFit_X(yy,zetaxx,Ytran,i,AUndu.z0,WLofPixel,LambdaRfit,delta0fit+posdata[i]*.001,gammafit,Amplfit,bfit,zpfit,Yscreenfit,elevationfit,whichdata,cfit)
  File "/home/nishi/Mainz/beam_energy_calibration/UndulatorDiffractionOneDimensional_correct_XAmpl_InitialFit_NoConvolve.py", line 247, in diffractionintensityInitialFit_X
    AmplTwoU1 = superamplitudeInitialFit_X(yy,xx,Ytran,Strpidx,z0,WLofPixel,LambdaRfit,deltad,gammafit,Amplfit,bfit,Yscreenfit)
  File "/home/nishi/Mainz/beam_energy_calibration/UndulatorDiffractionOneDimensional_correct_XAmpl_InitialFit_NoConvolve.py", line 210, in superamplitudeInitialFit_X
    AmplTwoY = np.array(AmplTwoY)
KeyboardInterrupt

File2453.tif
File2457.tif
File2461.tif
File2465.tif
File2469.tif
File2473.tif
File2477.tif
File2481.tif
File2485.tif
File2489.tif
File2493.tif
File2497.tif
File2501.tif
File2505.tif
File2509.tif
File2513.tif
File2517.tif
File2521.tif
File2525.tif
File2529.tif
File2533.tif
File2537.tif
File2541.tif
File2545.tif
File2549.tif
File2553.tif
File2557.tif
File2561.tif
File2565.tif
File2569.tif
File2573.tif
File2577.tif
File2581.tif
File2585.tif
File2589.tif
File2593.tif
File2597.tif
File2601.tif
File2605.tif
File2609.tif
File2613.tif
File2617.tif
File2621.tif
File2625.tif
File2629.tif
File2633.tif
File2637.tif
File2641.tif
File2645.tif
File2649.tif
File2653.tif
File2657.tif
File2661.tif
File2665.tif
File2669.tif
File2673.tif
File2677.tif
File2681.tif
File2685.tif
File2689.tif
File2693.tif
File2697.tif
File2701.tif
File2705.tif
File2709.tif
File2713.tif
File2717.tif
File2721.tif
File2725.tif
File2729.tif
File2733.tif
File2737.tif
File2741.tif
File2745.tif
File2749.tif
File2753.tif
File2757.tif
File2761.tif
File2765.tif
File2769.tif
File2773.tif
File2777.tif
File2781.tif
File2785.tif
File2789.tif
File2793.tif
File2797.tif
File2801.tif
File2805.tif
File2809.tif
File2813.tif
File2817.tif
File2821.tif
File2825.tif
File2829.tif
File2833.tif
File2837.tif
File2841.tif
File2845.tif
File2849.tif
File2853.tif
File2857.tif
File2861.tif
File2865.tif
File2869.tif
File2873.tif
File2877.tif
File2881.tif
File2885.tif
File2889.tif
File2893.tif
File2897.tif
File2901.tif
File2905.tif
File2909.tif
File2913.tif
File2917.tif
File2921.tif
File2925.tif
File2929.tif
File2933.tif
File2937.tif
File2941.tif
File2945.tif
File2949.tif
File2953.tif
File2957.tif
File2961.tif
File2965.tif
File2969.tif
File2973.tif
File2977.tif
File2981.tif
File2985.tif
File2989.tif
File2993.tif
File2997.tif
File3001.tif
File3005.tif
File3009.tif
File3013.tif
File3017.tif
File3021.tif
File3025.tif
File3029.tif
File3033.tif
File3037.tif
File3041.tif
File3045.tif
File3049.tif
File3053.tif
File3057.tif
File3061.tif
File3065.tif
File3069.tif
File3073.tif
File3077.tif
File3081.tif
File3085.tif
File3089.tif
File3093.tif
File3097.tif
File3101.tif
File3105.tif
File3109.tif
File3113.tif
File3117.tif
File3121.tif
File3125.tif
File3129.tif
File3133.tif
File3137.tif
File3141.tif
File3145.tif
File3149.tif
File3153.tif
File3157.tif
File3161.tif
File3165.tif
File3169.tif
File3173.tif
File3177.tif
File3181.tif
File3185.tif
File3189.tif
File3193.tif
File3197.tif
File3201.tif
File3205.tif
File3209.tif
File3213.tif
File3217.tif
File3221.tif
File3225.tif
File3229.tif
File3233.tif
File3237.tif
File3241.tif
File3245.tif
File3249.tif
File3253.tif
File3257.tif
File3261.tif
File3265.tif
File3269.tif
File3273.tif
File3277.tif
File3281.tif
File3285.tif
File3289.tif
File3293.tif
File3297.tif
825
import ModularFunctions as MoFuzetaxx [0.]
1
Position variation
Loopidx 0
First wavelength:  3.9833147381888e-07
chosenpx 263
Wavelength at which the analysis is done:  4.0465504581888e-07
Last wavelength:  4.0939171381887996e-07
idx 591
idx 591
 resid  -9771057.915623182
 residSqr  267808011.55351514
Amplfit: 1.4
zpfit: 5.0
Ytran: 0.0001
gammafit: 352.1
delta0fit: 0.187
elevationfit: 11.0
cfit: 1.0
idx 591
idx 591
 resid  -9771057.915623182
 residSqr  267808011.55351514
Amplfit: 1.4
zpfit: 5.0
Ytran: 0.0001
gammafit: 352.1
delta0fit: 0.187
elevationfit: 11.0
cfit: 1.0
idx 591
idx 591
 resid  -9771057.915623182
 residSqr  267808011.55351514
Amplfit: 1.4
zpfit: 5.0
Ytran: 0.0001
gammafit: 352.1
delta0fit: 0.187
elevationfit: 11.0
cfit: 1.0
idx 591
idx 591
 resid  -9769750.892518137
 residSqr  267732665.04342976
Amplfit: 1.4004833737762017
zpfit: 5.0
Ytran: 0.0001
gammafit: 352.1
delta0fit: 0.187
elevationfit: 11.0
cfit: 1.0
idx 591
idx 591
 resid  -9771058.615845855
 residSqr  267808073.41157562
Amplfit: 1.4
zpfit: 5.0
Ytran: 0.00010003452669830012
gammafit: 352.1
delta0fit: 0.187
elevationfit: 11.0
cfit: 1.0
idx 591
idx 591
